<?xml version="1.0" encoding="UTF-8"?>
<testsuites name="fastlane">
  <testsuite name="deploy">
    <testcase name="0: update_fastlane" time="3.312146"/>
    <testcase name="1: fastlane_version" time="3.1e-05"/>
    <testcase name="2: default_platform" time="1.0e-05"/>
    <testcase name="3: xctest" time="2.047045">
      <failure message="/Users/davidokun/.rvm/gems/ruby-2.2.0@global/gems/fastlane-1.1.0/lib/fastlane/actions/actions_helper.rb:50:in `execute_action'&#10;/Users/davidokun/.rvm/gems/ruby-2.2.0@global/gems/fastlane-1.1.0/lib/fastlane/fast_file.rb:94:in `block in method_missing'&#10;/Users/davidokun/.rvm/gems/ruby-2.2.0@global/gems/fastlane-1.1.0/lib/fastlane/fast_file.rb:93:in `chdir'&#10;/Users/davidokun/.rvm/gems/ruby-2.2.0@global/gems/fastlane-1.1.0/lib/fastlane/fast_file.rb:93:in `method_missing'&#10;(eval):24:in `block (3 levels) in parse'&#10;/Users/davidokun/.rvm/gems/ruby-2.2.0@global/gems/fastlane-1.1.0/lib/fastlane/runner.rb:31:in `call'&#10;/Users/davidokun/.rvm/gems/ruby-2.2.0@global/gems/fastlane-1.1.0/lib/fastlane/runner.rb:31:in `block in execute'&#10;/Users/davidokun/.rvm/gems/ruby-2.2.0@global/gems/fastlane-1.1.0/lib/fastlane/runner.rb:24:in `chdir'&#10;/Users/davidokun/.rvm/gems/ruby-2.2.0@global/gems/fastlane-1.1.0/lib/fastlane/runner.rb:24:in `execute'&#10;/Users/davidokun/.rvm/gems/ruby-2.2.0@global/gems/fastlane-1.1.0/lib/fastlane/lane_manager.rb:33:in `cruise_lane'&#10;/Users/davidokun/.rvm/gems/ruby-2.2.0@global/gems/fastlane-1.1.0/bin/fastlane:39:in `block (2 levels) in run'&#10;/Users/davidokun/.rvm/gems/ruby-2.2.0@global/gems/commander-4.3.4/lib/commander/command.rb:178:in `call'&#10;/Users/davidokun/.rvm/gems/ruby-2.2.0@global/gems/commander-4.3.4/lib/commander/command.rb:178:in `call'&#10;/Users/davidokun/.rvm/gems/ruby-2.2.0@global/gems/commander-4.3.4/lib/commander/command.rb:153:in `run'&#10;/Users/davidokun/.rvm/gems/ruby-2.2.0@global/gems/commander-4.3.4/lib/commander/runner.rb:428:in `run_active_command'&#10;/Users/davidokun/.rvm/gems/ruby-2.2.0@global/gems/commander-4.3.4/lib/commander/runner.rb:68:in `run!'&#10;/Users/davidokun/.rvm/gems/ruby-2.2.0@global/gems/commander-4.3.4/lib/commander/delegates.rb:15:in `run!'&#10;/Users/davidokun/.rvm/gems/ruby-2.2.0@global/gems/fastlane-1.1.0/bin/fastlane:118:in `run'&#10;/Users/davidokun/.rvm/gems/ruby-2.2.0@global/gems/fastlane-1.1.0/bin/fastlane:124:in `&lt;top (required)&gt;'&#10;/Users/davidokun/.rvm/rubies/ruby-2.2.0/bin/fastlane:23:in `load'&#10;/Users/davidokun/.rvm/rubies/ruby-2.2.0/bin/fastlane:23:in `&lt;main&gt;'&#10;/Users/davidokun/.rvm/gems/ruby-2.2.0/bin/ruby_executable_hooks:15:in `eval'&#10;/Users/davidokun/.rvm/gems/ruby-2.2.0/bin/ruby_executable_hooks:15:in `&lt;main&gt;'&#10;&#10;Exit status of command 'set -o pipefail &amp;&amp; xcodebuild -destination &quot;platform=iOS Simulator,name=iPhone 6,OS=8.3&quot; test | xcpretty --color --test' was 16640 instead of 0. &#10;2015-05-16 17:42:27.847 xcodebuild[54371:1870638] [MT] PluginLoading: Required plug-in compatibility UUID 9F75337B-21B4-4ADC-B558-F9CADF7073A7 for plug-in at path '~/Library/Application Support/Developer/Shared/Xcode/Plug-ins/XCommentWrap.xcplugin' not present in DVTPlugInCompatibilityUUIDs&#10;2015-05-16 17:42:27.867 xcodebuild[54371:1870638] [MT] PluginLoading: Required plug-in compatibility UUID 9F75337B-21B4-4ADC-B558-F9CADF7073A7 for plug-in at path '~/Library/Application Support/Developer/Shared/Xcode/Plug-ins/WarningLightsXcodePlugin.xcplugin' not present in DVTPlugInCompatibilityUUIDs&#10;2015-05-16 17:42:27:872 xcodebuild[54371:c0f] BBUncrustifyPlugin Version 2.1 loaded&#10;2015-05-16 17:42:27.874 xcodebuild[54371:1870638] Reveal plugin DidLoaded&#10;2015-05-16 17:42:27.883 xcodebuild[54371:1870638] +[MCLog load], env: (null)&#10;2015-05-16 17:42:27.884 xcodebuild[54371:1870638] +[MCLog pluginDidLoad:], NSBundle &lt;/Users/davidokun/Library/Application Support/Developer/Shared/Xcode/Plug-ins/MCLog.xcplugin&gt; (loaded)&#10;2015-05-16 17:42:27.884 xcodebuild[54371:1870638] [MT] PluginLoading: Required plug-in compatibility UUID 9F75337B-21B4-4ADC-B558-F9CADF7073A7 for plug-in at path '~/Library/Application Support/Developer/Shared/Xcode/Plug-ins/Lin.xcplugin' not present in DVTPlugInCompatibilityUUIDs&#10;2015-05-16 17:42:27.886 xcodebuild[54371:1870638] [MT] PluginLoading: Required plug-in compatibility UUID 9F75337B-21B4-4ADC-B558-F9CADF7073A7 for plug-in at path '~/Library/Application Support/Developer/Shared/Xcode/Plug-ins/JDPluginManager.xcplugin' not present in DVTPlugInCompatibilityUUIDs&#10;2015-05-16 17:42:27.892 xcodebuild[54371:1870638] [MT] PluginLoading: Required plug-in compatibility UUID 9F75337B-21B4-4ADC-B558-F9CADF7073A7 for plug-in at path '~/Library/Application Support/Developer/Shared/Xcode/Plug-ins/CocoaPodUI.xcplugin' not present in DVTPlugInCompatibilityUUIDs&#10;2015-05-16 17:42:27.892 xcodebuild[54371:1870638] Failed to load plugin at: /Users/davidokun/Library/Application Support/Developer/Shared/Xcode/Plug-ins/CocoaPodUI.xcplugin, skipping.  Reason for failure: *** -[__NSPlaceholderDictionary initWithObjects:forKeys:count:]: attempt to insert nil object from objects[0]&#10;2015-05-16 17:42:28.977 xcodebuild[54371:1870638] [MT] PluginLoading: Required plug-in compatibility UUID 9F75337B-21B4-4ADC-B558-F9CADF7073A7 for plug-in at path '~/Library/Application Support/Developer/Shared/Xcode/Plug-ins/BTGisterPost-Xcode5.xcplugin' not present in DVTPlugInCompatibilityUUIDs&#10;2015-05-16 17:42:28.977 xcodebuild[54371:1870638] [MT] PluginLoading: Required plug-in compatibility UUID 9F75337B-21B4-4ADC-B558-F9CADF7073A7 for plug-in at path '~/Library/Application Support/Developer/Shared/Xcode/Plug-ins/BBUFullIssueNavigator.xcplugin' not present in DVTPlugInCompatibilityUUIDs&#10;2015-05-16 17:42:28.980 xcodebuild[54371:1870638] [MT] PluginLoading: Required plug-in compatibility UUID 9F75337B-21B4-4ADC-B558-F9CADF7073A7 for plug-in at path '~/Library/Application Support/Developer/Shared/Xcode/Plug-ins/AJKExtendedOpening.xcplugin' not present in DVTPlugInCompatibilityUUIDs&#10;2015-05-16 17:42:29.128 xcodebuild[54371:1870638] [MT] iPhoneSimulator: SimVerifier returned: Error Domain=NSPOSIXErrorDomain Code=53 &quot;Simulator verification failed.&quot; UserInfo=0x7fc9a521d540 {NSLocalizedFailureReason=A connection to the simulator verification service could not be established., NSLocalizedRecoverySuggestion=Ensure that Xcode.app is installed on a volume with ownership enabled., NSLocalizedDescription=Simulator verification failed.}&#10;2015-05-16 17:42:29.594 xcodebuild[54371:1870902]  DeveloperPortal: Using pre-existing current store at URL (file:///Users/davidokun/Library/Developer/Xcode/DeveloperPortal%206.3.1.db).&#10;** TEST FAILED **&#10;&#10;&#10;The following build commands failed:&#10;&#9;Check dependencies&#10;(1 failure)&#10;"/>
    </testcase>
  </testsuite>
</testsuites>
